W 0x5678 A
W 0x5675 B
W 0x5672 C
W 0x2468 D
R 0x5678
R 0x1234
R 0x1232
R 0x2456
R 0x1357
R 0x4563
W 0xFFFF E
R 0x1111
W 0x2222 F
R 0x2468
R 0xC0FF
W 0x9999 G
W 0x4444 H
W 0x8888 I
R 0x4444
R 0x9999
R 0xCCCC
R 0x5555
W 0x1234 J
R 0x1234
W 0x1357 K
W 0xBEEF L
R 0x1357
W 0x9999 M
W 0x7777 N
R 0x7777
R 0x1111
R 0xDCAD
W 0xAAAA O
W 0xBBBB P
R 0xBBBB
R 0x5678
R 0x2222
W 0x3333 Q
R 0x3333
R 0x4444
W 0x2468 R
W 0xFEDC S
W 0x7777 T
R 0xFEDC
R 0x1357
W 0x1234 U
R 0x1234
W 0x4444 V
W 0x9999 W
R 0x9999
W 0x1234 X
R 0xCCCC
W 0x5555 Y
R 0x5678
W 0xABCD Z
R 0x1357
W 0x6789 a
W 0xBCDE c
R 0xFEDC
R 0x7777
W 0x2468 t
R 0x2468
R 0x5678
W 0x9999 h
W 0x1111 d
R 0x1357
R 0x7777
W 0xAAAA u
R 0x1234
W 0xBBBB i
W 0x8888 y
R 0x8888
R 0xDCAD
W 0xCCCC a
R 0x5555
W 0xDEAD l
W 0xBEEF k
R 0xDEAD
W 0x1357 e
W 0x9999 p
R 0x1357
R 0x4444
W 0x1234 q
R 0x1234
W 0x2222 w
W 0x3333 r
R 0x7777
R 0x1111
W 0x5678 u
R 0x3333
W 0x2468 r
R 0xDCAD
W 0xBBBB x
W 0xCCCC z
R 0x2468
R 0x4444
W 0x5555 m
W 0x8888 n
R 0x5678
W 0xFEDC l
R 0xFEDC
R 0x5678
W 0xCCCC j
W 0x1234 b
R 0x1357
W 0x9999 v
R 0x1234
W 0x4444 d
W 0x9999 s
R 0x9999
R 0x1234
W 0x2222 e
W 0x3333 r
R 0x7777
R 0x1111
W 0x5678 h
R 0x3333
W 0x2468 t
W 0xDCAD w
R 0x1357
W 0x1357 n
W 0x9999 m
R 0x4444
R 0x7777
W 0xDEAD y
W 0x1357 u
R 0x8888
W 0x1357 i
W 0x9999 l
R 0x2468
R 0x5555
W 0x1234 u
W 0x2222 a
R 0x5678
W 0x2468 f
R 0xDCAD
W 0xBBBB v
W 0xCCCC n
R 0xFEDC
W 0x1234 m
R 0x1234
W 0x4444 u
W 0x9999 e
R 0x1357
R 0x7777
W 0xDEAD u
W 0x1357 i
R 0x8888
W 0x1357 l
W 0x9999 i
W 0x1111 A
R 0x2222
W 0x3333 B
R 0x4444
W 0x5555 C
W 0x6666 D
R 0x7777
R 0x8888
W 0x9999 E
R 0xAAAA
W 0xBBBB F
W 0xCCCC G
R 0xDDDD
R 0xEEEE
W 0xFFFF H
W 0x1234 I
R 0x1357
R 0x2468
W 0x6789 J
W 0xABCD K
R 0xBCDE
W 0xEF01 L
R 0xF234
W 0x5678 M
W 0x89AB N
R 0xCDEF
R 0x1234
W 0x5555 O
W 0x4321 P
R 0x6789
R 0x4444
W 0xFEDC Q
W 0xDCBA R
W 0x5432 S
W 0x210F T
R 0x1122
R 0x3344
R 0x5566
R 0x7788
W 0x9ABC U
W 0xBA98 V
R 0x7654
R 0x3210
W 0x2345 W
W 0x6789 X
R 0xDEF0
R 0x1234
W 0x9876 Y
W 0x5432 Z
R 0x4567
R 0x89AB
W 0xF0E1 a
W 0xD2C3 b
R 0x4E5F
W 0x67F8 c
R 0x1111
W 0x2222 d
R 0x3333
W 0x4444 e
W 0x5555 f
R 0x6666
W 0x7777 g
R 0x8888
W 0x9999 h
R 0xAAAA
W 0xBBBB i
W 0xCCCC j
R 0xDDDD
W 0xEEEE k
R 0xFFFF
W 0x1111 l
R 0x1357
W 0x2468 m
W 0x6789 n
R 0x7777
R 0x8888
W 0x9999 o
R 0xAAAA
W 0xBBBB p
W 0xCCCC q
R 0xDDDD
W 0xEEEE r
R 0xFFFF
W 0x1111 s
R 0x1357
W 0x2468 t
W 0x6789 u
R 0x7777
R 0x8888
W 0x9999 v
R 0xAAAA
W 0xBBBB w
W 0xCCCC x
R 0xDDDD
W 0xEEEE y
R 0xFFFF
W 0x1111 z
R 0x1357
W 0x2468 A
W 0x6789 B
R 0x7777
R 0x8888
W 0x9999 C
R 0xAAAA
W 0xBBBB D
W 0xCCCC E
R 0xDDDD
W 0xEEEE F
R 0xFFFF
W 0x1111 G
R 0x1357
W 0x2468 H
W 0x6789 I
R 0x7777
R 0x8888
W 0x9999 J
R 0xAAAA
W 0xBBBB K
W 0xCCCC L
R 0xDDDD
W 0xEEEE M
R 0xFFFF
W 0x1111 N
R 0x1357
W 0x2468 O
W 0x6789 P
R 0x7777
R 0x8888
W 0x9999 Q
R 0xAAAA
W 0xBBBB R
W 0xCCCC S
R 0xDDDD
W 0xEEEE T
R 0xFFFF
W 0x1111 U
R 0x1357
W 0x2468 V
W 0x6789 W
R 0x7777
R 0x8888
W 0x9999 X
R 0xAAAA
W 0xBBBB Y
W 0xCCCC Z
R 0xDDDD
W 0xEEEE a
R 0xFFFF
W 0x1111 b
R 0x1357
W 0x2468 c
W 0x6789 d
R 0x7777
R 0x8888
W 0x9999 e
R 0xAAAA
W 0xBBBB f
W 0xCCCC g
R 0xDDDD
W 0xEEEE h
R 0xFFFF
W 0x1111 i
R 0x1357
W 0x2468 j
W 0x6789 k
R 0x7777
R 0x8888
W 0x9999 l
R 0xAAAA
W 0xBBBB m
W 0xCCCC n
R 0xDDDD
W 0xEEEE o
R 0xFFFF
W 0x1111 p
R 0x1357
W 0x2468 q
W 0x6789 r
R 0x7777
R 0x8888
W 0x9999 s
R 0xAAAA
W 0xBBBB t
W 0xCCCC u
R 0xDDDD
W 0xEEEE v
R 0xFFFF
W 0x1111 w
R 0x1357
W 0x2468 x
W 0x6789 y
R 0x7777
R 0x8888
W 0x9999 z
R 0xAAAA
W 0xBBBB A
W 0xCCCC B
R 0xDDDD
W 0xEEEE C
R 0xFFFF
W 0x1111 D
R 0x1357
W 0x2468 E
W 0x6789 F
R 0x7777
R 0x8888
W 0x9999 G
R 0xAAAA
W 0xBBBB H
W 0xCCCC I
R 0xDDDD
W 0xEEEE J
R 0xFFFF
W 0x1111 K
R 0x1357
W 0x2468 L
W 0x6789 M
R 0x7777
R 0x8888
W 0x9999 N
R 0xAAAA
W 0xBBBB O
W 0xCCCC P
R 0xDDDD
W 0xEEEE Q
R 0xFFFF
W 0x1111 R
R 0x1357
W 0x2468 S
W 0x6789 T
R 0x7777
R 0x8888
W 0x9999 U
R 0xAAAA
W 0xBBBB V
W 0xCCCC W
R 0xDDDD
W 0xEEEE X
R 0xFFFF
W 0x1111 Y
R 0x1357
W 0x2468 Z
W 0x6789 a
R 0x7777
R 0x8888
W 0x9999 b
R 0xAAAA
W 0xBBBB c
W 0xCCCC d
R 0xDDDD
W 0xEEEE e
R 0xFFFF
W 0x1111 f
R 0x1357
W 0x2468 g
W 0x6789 h
R 0x7777
R 0x8888
W 0x9999 i
R 0xAAAA
W 0xBBBB j
W 0xCCCC k
R 0xDDDD
W 0xEEEE l
R 0xFFFF
W 0x1111 m
R 0x1357
W 0x2468 n
W 0x6789 o
R 0x7777
R 0x8888
W 0x9999 p
R 0xAAAA
W 0xBBBB q
W 0xCCCC r
R 0xDDDD
W 0xEEEE s
R 0xFFFF
W 0x1111 t
R 0x1357
W 0x2468 u
W 0x6789 v
R 0x7777
R 0x8888
W 0x9999 w
R 0xAAAA
W 0xBBBB x
W 0xCCCC y
R 0xDDDD
W 0xEEEE z
R 0xFFFF
W 0x1111 A
R 0x1357
W 0x2468 B
W 0x6789 C
R 0x7777
R 0x8888
W 0x9999 D
R 0xAAAA
W 0xBBBB E
W 0xCCCC F
R 0xDDDD
W 0xEEEE G
R 0xFFFF
W 0x1111 H
R 0x1357
W 0x2468 I
W 0x6789 J
R 0x7777
R 0x8888
W 0x9999 K
R 0xAAAA
W 0xBBBB L
W 0xCCCC M
R 0xDDDD
W 0xEEEE N
R 0xFFFF
W 0x1111 O
R 0x1357
W 0x2468 P
W 0x6789 Q
R 0x7777
R 0x8888
R 0x9995
R 0xAAAA
W 0xBBBB S
W 0xCCCC T
R 0xDDDD
W 0xEEEE U
R 0xFFFF
W 0x1111 V
R 0x1357
W 0x2468 W
W 0x6789 X
R 0x7777
R 0x8888
W 0x9999 Y
R 0xAAAA
W 0xBBBB Z
W 0xCCCC a
R 0xDDDD
W 0xEEEE b
R 0xFFFF
W 0x1111 c
R 0x1357
W 0x2468 d
W 0x6789 e
R 0x7777
R 0x8888
W 0x9999 f
R 0xAAAA
W 0xBBBB g
W 0xCCCC h
R 0xDDDD
W 0xEEEE i
R 0xFFFF
W 0x1111 j
R 0x1357
W 0x2468 k
W 0x6789 l
R 0x7777
R 0x8888
W 0x9999 m
R 0xAAAA
W 0xBBBB n
W 0xCCCC o
R 0xDDDD
W 0xEEEE p
R 0xFFFF
W 0x1111 q
R 0x1357
W 0x2468 r
W 0x6789 s
R 0x7777
R 0x8888
W 0x9999 t
R 0xAAAA
W 0xBBBB u
W 0xCCCC v
R 0xDDDD
W 0xEEEE w
R 0xFFFF
W 0x1111 x
R 0x1357
W 0x2468 y
W 0x6789 z
R 0x7777
R 0x8888
R 0x9999 
R 0xAAAA
W 0xBBBB B
W 0xCCCC C
R 0xDDDD
W 0xEEEE D
R 0xFFFF
W 0x1111 E
R 0x1357
W 0x2468 F
W 0x6789 G
R 0x7777
R 0x8888
R 0x9998
R 0xAAAA
W 0xBBBB I
W 0xCCCC J
R 0xDDDD
W 0xEEEE K
R 0xFFFF
W 0x1111 L
R 0x1357
W 0x2468 M
W 0x6789 N
R 0x7777
R 0x8888
R 0x9999 
R 0xAAAA
W 0xBBBB P
W 0xCCCC Q
R 0xDDDD
W 0xEEEE R
R 0xFFFF
W 0x1111 S
R 0x1357
W 0x2468 T
W 0x6789 U
R 0x7777
R 0x8888
W 0x9999 V
R 0xAAAA
W 0xBBBB W
W 0xCCCC X
R 0xDDDD
W 0xEEEE Y
R 0xFFFF
W 0x1111 Z
R 0x1357
W 0x2468 a
W 0x6789 b
R 0x7777
R 0x8888
W 0x9999 c
R 0xAAAA
W 0xBBBB d
W 0xCCCC e
R 0xDDDD
W 0xEEEE f
R 0xFFFF
W 0x1111 g
R 0x1357
W 0x2468 h
W 0x6789 i
R 0x7777
R 0x8888
W 0x9999 j
R 0xAAAA
W 0xBBBB k
W 0xCCCC l
R 0xDDDD
W 0xEEEE m
R 0xFFFF
W 0x1111 n
R 0x1357
W 0x2468 o
W 0x6789 p
R 0x7777
R 0x8888
W 0x9999 q
R 0xAAAA
W 0xBBBB r
W 0xCCCC s
R 0xDDDD
W 0xEEEE t
R 0xFFFF
W 0x1111 u
R 0x1357
W 0x2468 v
W 0x6789 w
R 0x7777
R 0x8888
W 0x9999 x
R 0xAAAA
W 0xBBBB y
W 0xCCCC z
R 0xDDDD
W 0xEEEE A
R 0xFFFF
W 0x1111 B
R 0x1357
W 0x2468 C
W 0x6789 D
R 0x7777
R 0x8888
W 0x9999 E
R 0xAAAA
W 0xBBBB F
W 0xCCCC G
R 0xDDDD
W 0xEEEE H
R 0xFFFF
W 0x1111 I
R 0x1357
W 0x2468 J
W 0x6789 K
R 0x7777
R 0x8888
W 0x9999 L
R 0xAAAA
W 0xBBBB M
W 0xCCCC N
R 0xDDDD
W 0xEEEE O
R 0xFFFF
W 0x1111 P
R 0x1357
W 0x2468 Q
W 0x6789 R
R 0x7777
R 0x8888
W 0x9999 S
R 0xAAAA
W 0xBBBB T
W 0xCCCC U
R 0xDDDD
W 0xEEEE V
R 0xFFFF
W 0x1111 W
R 0x1357
W 0x2468 X
W 0x6789 Y
R 0x7777
R 0x8888
W 0x9999 Z
R 0xAAAA
W 0xBBBB a
W 0xCCCC b
R 0xDDDD
W 0xEEEE c
R 0xFFFF
W 0x1111 d
R 0x1357
W 0x2468 e
W 0x6789 f
R 0x7777
R 0x8888
W 0x9999 g
R 0xAAAA
W 0xBBBB h
W 0xCCCC i
R 0xDDDD
W 0xEEEE j
R 0xFFFF
W 0x1111 k
R 0x1357
W 0x2468 l
W 0x6789 m
R 0x7777
R 0x8888
W 0x9999 n
R 0xAAAA
W 0xBBBB o
W 0xCCCC p
R 0xDDDD
W 0xEEEE q
R 0xFFFF
W 0x1111 r
R 0x1357
W 0x2468 s
W 0x6789 t
R 0x7777
R 0x8888
W 0x9995 u
R 0xAAAA
W 0xBBBB v
W 0xCCCC w
R 0xDDDD
W 0xEEEE x
R 0xFFFF
W 0x1111 y
R 0x1357
W 0x2468 z
W 0x6789 A
R 0x7777
R 0x8888
W 0x9997 B
R 0xAAAA
W 0xBBBB C
W 0xCCCC D
R 0xDDDD
W 0xEEEE E
R 0xFFFF
W 0x1111 F
R 0x1357
W 0x2468 G
W 0x6789 H
R 0x7777
R 0x8888
W 0x9997 I
R 0xAAAA
W 0xBBBB J
W 0xCCCC K
R 0xDDDD
W 0xEEEE L
R 0xFFFF
W 0x1111 M
R 0x1357
W 0x2468 N
W 0x6789 O
R 0x7777
R 0x8888
W 0x9998 P
R 0xAAAA
W 0xBBBB Q
W 0xCCCC R
R 0xDDDD
W 0xEEEE S
R 0xFFFF
W 0x1111 T
R 0x1357
W 0x2468 U
W 0x6789 V
R 0x7777
R 0x8888
W 0x9999 W
R 0xAAAA
W 0xBBBB X
W 0xCCCC Y
R 0xDDDD
W 0xEEEE Z
R 0xFFFF
W 0x1111 a
R 0x1357
W 0x2468 b
W 0x6789 c
R 0x7777
R 0x8888
W 0x9999 d
R 0xAAAA
W 0xBBBB e
W 0xCCCC f
R 0xDDDD
W 0xEEEE g
R 0xFFFF
W 0x1111 h
R 0x1357
W 0x2468 i
W 0x6789 j
R 0x7777
R 0x8888
W 0x9996 k
R 0xAAAA