W 0x00D4 Q
R 0x00E4
R 0x00F4
R 0x0104
W 0x001A h
R 0x002A
R 0x003A
R 0x004A
R 0x02F8
R 0x0308
R 0x0318
R 0x0328
W 0x0361 T
R 0x0371
R 0x0381
R 0x0391
W 0x0076 M
R 0x0086
R 0x0096
R 0x00A6
R 0x00F6
R 0x0106
R 0x0116
R 0x0126
R 0x0316
R 0x0326
R 0x0336
R 0x0346
W 0x0213 F
R 0x0223
R 0x0233
R 0x0243
W 0x038F P
R 0x039F
R 0x03AF
R 0x03BF
W 0x0379 Y
R 0x0389
R 0x0399
R 0x03A9
W 0x0018 e
R 0x0028
R 0x0038
R 0x0048
W 0x039B L
R 0x03AB
R 0x03BB
R 0x03CB
R 0x0039
R 0x0049
R 0x0059
R 0x0069
W 0x03BA g
R 0x03CA
R 0x03DA
R 0x03EA
W 0x0087 Z
R 0x0097
R 0x00A7
R 0x00B7
R 0x0042
R 0x0052
R 0x0062
R 0x0072
W 0x032D Y
R 0x033D
R 0x034D
R 0x035D
R 0x0268
R 0x0278
R 0x0288
R 0x0298
R 0x0110
R 0x0120
R 0x0130
R 0x0140
W 0x0155 t
R 0x0165
R 0x0175
R 0x0185
R 0x0273
R 0x0283
R 0x0293
R 0x02A3
R 0x00FA
R 0x010A
R 0x011A
R 0x012A
R 0x02D3
R 0x02E3
R 0x02F3
R 0x0303
R 0x00DC
R 0x00EC
R 0x00FC
R 0x010C
W 0x0041 g
R 0x0051
R 0x0061
R 0x0071
W 0x0354 N
R 0x0364
R 0x0374
R 0x0384
W 0x01DA A
R 0x01EA
R 0x01FA
R 0x020A
R 0x010E
R 0x011E
R 0x012E
R 0x013E
R 0x0209
R 0x0219
R 0x0229
R 0x0239
W 0x008A O
R 0x009A
R 0x00AA
R 0x00BA
W 0x0290 z
R 0x02A0
R 0x02B0
R 0x02C0
R 0x00C3
R 0x00D3
R 0x00E3
R 0x00F3
R 0x0076
R 0x0086
R 0x0096
R 0x00A6
R 0x033A
R 0x034A
R 0x035A
R 0x036A
R 0x01A0
R 0x01B0
R 0x01C0
R 0x01D0
W 0x0136 R
R 0x0146
R 0x0156
R 0x0166
W 0x038D u
R 0x039D
R 0x03AD
R 0x03BD
R 0x0229
R 0x0239
R 0x0249
R 0x0259
R 0x02CF
R 0x02DF
R 0x02EF
R 0x02FF
R 0x0175
R 0x0185
R 0x0195
R 0x01A5
W 0x0034 B
R 0x0044
R 0x0054
R 0x0064
W 0x013D W
R 0x014D
R 0x015D
R 0x016D
W 0x0361 Y
R 0x0371
R 0x0381
R 0x0391
W 0x032A r
R 0x033A
R 0x034A
R 0x035A
W 0x0297 R
R 0x02A7
R 0x02B7
R 0x02C7
W 0x02C0 Q
R 0x02D0
R 0x02E0
R 0x02F0
R 0x016B
R 0x017B
R 0x018B
R 0x019B
R 0x0366
R 0x0376
R 0x0386
R 0x0396
W 0x0231 K
R 0x0241
R 0x0251
R 0x0261
W 0x031C b
R 0x032C
R 0x033C
R 0x034C
R 0x0277
R 0x0287
R 0x0297
R 0x02A7
R 0x02CC
R 0x02DC
R 0x02EC
R 0x02FC
W 0x0192 y
R 0x01A2
R 0x01B2
R 0x01C2
W 0x0123 l
R 0x0133
R 0x0143
R 0x0153
W 0x0300 U
R 0x0310
R 0x0320
R 0x0330
R 0x003B
R 0x004B
R 0x005B
R 0x006B
R 0x03AB
R 0x03BB
R 0x03CB
R 0x03DB
R 0x00B5
R 0x00C5
R 0x00D5
R 0x00E5
W 0x0124 f
R 0x0134
R 0x0144
R 0x0154
W 0x01D7 e
R 0x01E7
R 0x01F7
R 0x0207
R 0x0044
R 0x0054
R 0x0064
R 0x0074
W 0x00CA E
R 0x00DA
R 0x00EA
R 0x00FA
W 0x019B k
R 0x01AB
R 0x01BB
R 0x01CB
W 0x01E9 O
R 0x01F9
R 0x0209
R 0x0219
W 0x00AC a
R 0x00BC
R 0x00CC
R 0x00DC
W 0x001E y
R 0x002E
R 0x003E
R 0x004E
R 0x0055
R 0x0065
R 0x0075
R 0x0085
R 0x02A2
R 0x02B2
R 0x02C2
R 0x02D2
W 0x027E U
R 0x028E
R 0x029E
R 0x02AE
R 0x0133
R 0x0143
R 0x0153
R 0x0163
R 0x028C
R 0x029C
R 0x02AC
R 0x02BC
W 0x0218 e
R 0x0228
R 0x0238
R 0x0248
R 0x0069
R 0x0079
R 0x0089
R 0x0099
W 0x030B u
R 0x031B
R 0x032B
R 0x033B
W 0x018E X
R 0x019E
R 0x01AE
R 0x01BE
R 0x01E2
R 0x01F2
R 0x0202
R 0x0212
R 0x01C0
R 0x01D0
R 0x01E0
R 0x01F0
W 0x024A f
R 0x025A
R 0x026A
R 0x027A
R 0x0336
R 0x0346
R 0x0356
R 0x0366
W 0x023C q
R 0x024C
R 0x025C
R 0x026C
W 0x026A U
R 0x027A
R 0x028A
R 0x029A
W 0x0382 j
R 0x0392
R 0x03A2
R 0x03B2
W 0x0052 b
R 0x0062
R 0x0072
R 0x0082
W 0x00D4 S
R 0x00E4
R 0x00F4
R 0x0104
R 0x0203
R 0x0213
R 0x0223
R 0x0233
R 0x0099
R 0x00A9
R 0x00B9
R 0x00C9
W 0x010C n
R 0x011C
R 0x012C
R 0x013C
W 0x02EF i
R 0x02FF
R 0x030F
R 0x031F
R 0x0200
R 0x0210
R 0x0220
R 0x0230
R 0x03AA
R 0x03BA
R 0x03CA
R 0x03DA
R 0x0176
R 0x0186
R 0x0196
R 0x01A6
W 0x0352 X
R 0x0362
R 0x0372
R 0x0382
R 0x01AD
R 0x01BD
R 0x01CD
R 0x01DD
R 0x0110
R 0x0120
R 0x0130
R 0x0140
R 0x0007
R 0x0017
R 0x0027
R 0x0037
R 0x032E
R 0x033E
R 0x034E
R 0x035E
W 0x005A w
R 0x006A
R 0x007A
R 0x008A
W 0x0160 B
R 0x0170
R 0x0180
R 0x0190
W 0x0127 a
R 0x0137
R 0x0147
R 0x0157
R 0x0279
R 0x0289
R 0x0299
R 0x02A9
