W 0x5678 A
W 0x5675 B
W 0x5672 C
W 0x2468 D
R 0x5678
R 0x1234
R 0x1232
R 0x2456
R 0x1357
R 0x4563
W 0xFFFF E
R 0x1111
W 0x2222 F
R 0x2468
R 0xC0FF
W 0x9999 G
W 0x4444 H
W 0x8888 I
R 0x4444
R 0x9999
R 0xCCCC
R 0x5555
W 0x1234 J
R 0x1234
W 0x1357 K
W 0xBEEF L
R 0x1357
W 0x9999 M
W 0x7777 N
R 0x7777
R 0x1111
R 0xDCAD
W 0xAAAA O
W 0xBBBB P
R 0xBBBB
R 0x5678
R 0x2222
W 0x3333 Q
R 0x3333
R 0x4444
W 0x2468 R
W 0xFEDC S
W 0x7777 T
R 0xFEDC
R 0x1357
W 0x1234 U
R 0x1234
W 0x4444 V
W 0x9999 W
R 0x9999
W 0x1234 X
R 0xCCCC
W 0x5555 Y
R 0x5678
W 0xABCD Z
R 0x1357
W 0x6789 a
W 0xBCDE c
R 0xFEDC
R 0x7777
W 0x2468 t
R 0x2468
R 0x5678
W 0x9999 h
W 0x1111 d
R 0x1357
R 0x7777
W 0xAAAA u
R 0x1234
W 0xBBBB i
W 0x8888 y
R 0x8888
R 0xDCAD
W 0xCCCC a
R 0x5555
W 0xDEAD l
W 0xBEEF k
R 0xDEAD
W 0x1357 e
W 0x9999 p
R 0x1357
R 0x4444
W 0x1234 q
R 0x1234
W 0x2222 w
W 0x3333 r
R 0x7777
R 0x1111
W 0x5678 u
R 0x3333
W 0x2468 r
R 0xDCAD
W 0xBBBB x
W 0xCCCC z
R 0x2468
R 0x4444
W 0x5555 m
W 0x8888 n
R 0x5678
W 0xFEDC l
R 0xFEDC
R 0x5678
W 0xCCCC j
W 0x1234 b
R 0x1357
W 0x9999 v
R 0x1234
W 0x4444 d
W 0x9999 s
R 0x9999
R 0x1234
W 0x2222 e
W 0x3333 r
R 0x7777
R 0x1111
W 0x5678 h
R 0x3333
W 0x2468 t
W 0xDCAD w
R 0x1357
W 0x1357 n
W 0x9999 m
R 0x4444
R 0x7777
W 0xDEAD y
W 0x1357 u
R 0x8888
W 0x1357 i
W 0x9999 l
R 0x2468
R 0x5555
W 0x1234 u
W 0x2222 a
R 0x5678
W 0x2468 f
R 0xDCAD
W 0xBBBB v
W 0xCCCC n
R 0xFEDC
W 0x1234 m
R 0x1234
W 0x4444 u
W 0x9999 e
R 0x1357
R 0x7777
W 0xDEAD u
W 0x1357 i
R 0x8888
W 0x1357 l
W 0x9999 i
W 0x1111 A
R 0x2222
W 0x3333 B
R 0x4444
W 0x5555 C
W 0x6666 D
R 0x7777
R 0x8888
W 0x9999 E
R 0xAAAA
W 0xBBBB F
W 0xCCCC G
R 0xDDDD
R 0xEEEE
W 0xFFFF H
W 0x1234 I
R 0x1357
R 0x2468
W 0x6789 J
W 0xABCD K
R 0xBCDE
W 0xEF01 L
R 0xF234
W 0x5678 M
W 0x89AB N
R 0xCDEF
R 0x1234
W 0x5555 O
W 0x4321 P
R 0x6789
R 0x4444
W 0xFEDC Q
W 0xDCBA R
W 0x5432 S
W 0x210F T
R 0x1122
R 0x3344
R 0x5566
R 0x7788
W 0x9ABC U
W 0xBA98 V
R 0x7654
R 0x3210
W 0x2345 W
W 0x6789 X
R 0xDEF0
R 0x1234
W 0x9876 Y
W 0x5432 Z
R 0x4567
R 0x89AB
W 0xF0E1 a
W 0xD2C3 b
R 0x4E5F
W 0x67F8 c
R 0x1111
W 0x2222 d
R 0x3333
W 0x4444 e
W 0x5555 f
R 0x6666
W 0x7777 g
R 0x8888
W 0x9999 h
R 0xAAAA
W 0xBBBB i
W 0xCCCC j
R 0xDDDD
W 0xEEEE k
R 0xFFFF
W 0x1111 l
R 0x1357
W 0x2468 m
W 0x6789 n
R 0x7777
R 0x8888
W 0x9999 o
R 0xAAAA
W 0xBBBB p
W 0xCCCC q
R 0xDDDD
W 0xEEEE r
R 0xFFFF
W 0x1111 s
R 0x1357
W 0x2468 t
W 0x6789 u
R 0x7777
R 0x8888
W 0x9999 v
R 0xAAAA
W 0xBBBB w
W 0xCCCC x
R 0xDDDD
W 0xEEEE y
R 0xFFFF
W 0x1111 z
R 0x1357
W 0x2468 A
W 0x6789 B
R 0x7777
R 0x8888
W 0x9999 C
R 0xAAAA
W 0xBBBB D
W 0xCCCC E
R 0xDDDD
W 0xEEEE F
R 0xFFFF
W 0x1111 G
R 0x1357
W 0x2468 H
W 0x6789 I
R 0x7777
R 0x8888
W 0x9999 J
R 0xAAAA
W 0xBBBB K
W 0xCCCC L
R 0xDDDD
W 0xEEEE M
R 0xFFFF
W 0x1111 N
R 0x1357
W 0x2468 O
W 0x6789 P
R 0x7777
R 0x8888
W 0x9999 Q
R 0xAAAA
W 0xBBBB R
W 0xCCCC S
R 0xDDDD
W 0xEEEE T
R 0xFFFF
W 0x1111 U
R 0x1357
W 0x2468 V
W 0x6789 W
R 0x7777
R 0x8888
W 0x9999 X
R 0xAAAA
W 0xBBBB Y
W 0xCCCC Z
R 0xDDDD
W 0xEEEE a
R 0xFFFF
W 0x1111 b
R 0x1357
W 0x2468 c
W 0x6789 d
R 0x7777
R 0x8888
W 0x9999 e
R 0xAAAA
W 0xBBBB f
W 0xCCCC g
R 0xDDDD
W 0xEEEE h
R 0xFFFF
W 0x1111 i
R 0x1357
W 0x2468 j
W 0x6789 k
R 0x7777
R 0x8888
W 0x9999 l
R 0xAAAA
W 0xBBBB m
W 0xCCCC n
R 0xDDDD
W 0xEEEE o
R 0xFFFF
W 0x1111 p
R 0x1357
W 0x2468 q
W 0x6789 r
R 0x7777
R 0x8888
W 0x9999 s
R 0xAAAA
W 0xBBBB t
W 0xCCCC u
R 0xDDDD
W 0xEEEE v
R 0xFFFF
W 0x1111 w
R 0x1357
W 0x2468 x
W 0x6789 y
R 0x7777
R 0x8888
W 0x9999 z
R 0xAAAA
W 0xBBBB A
W 0xCCCC B
R 0xDDDD
W 0xEEEE C
R 0xFFFF
W 0x1111 D
R 0x1357
W 0x2468 E
W 0x6789 F
R 0x7777
R 0x8888
W 0x9999 G
R 0xAAAA
W 0xBBBB H
W 0xCCCC I
R 0xDDDD
W 0xEEEE J
R 0xFFFF
W 0x1111 K
R 0x1357
W 0x2468 L
W 0x6789 M
R 0x7777
R 0x8888
W 0x9999 N
R 0xAAAA
W 0xBBBB O
W 0xCCCC P
R 0xDDDD
W 0xEEEE Q
R 0xFFFF
W 0x1111 R
R 0x1357
W 0x2468 S
W 0x6789 T
R 0x7777
R 0x8888
W 0x9999 U
R 0xAAAA
W 0xBBBB V
W 0xCCCC W
R 0xDDDD
W 0xEEEE X
R 0xFFFF
W 0x1111 Y
R 0x1357
W 0x2468 Z
W 0x6789 a
R 0x7777
R 0x8888
W 0x9999 b
R 0xAAAA
W 0xBBBB c
W 0xCCCC d
R 0xDDDD
W 0xEEEE e
R 0xFFFF
W 0x1111 f
R 0x1357
W 0x2468 g
W 0x6789 h
R 0x7777
R 0x8888
W 0x9999 i
R 0xAAAA
W 0xBBBB j
W 0xCCCC k
R 0xDDDD
W 0xEEEE l
R 0xFFFF
W 0x1111 m
R 0x1357
W 0x2468 n
W 0x6789 o
R 0x7777
R 0x8888
W 0x9999 p
R 0xAAAA
W 0xBBBB q
W 0xCCCC r
R 0xDDDD
W 0xEEEE s
R 0xFFFF
W 0x1111 t
R 0x1357
W 0x2468 u
W 0x6789 v
R 0x7777
R 0x8888
W 0x9999 w
R 0xAAAA
W 0xBBBB x
W 0xCCCC y
R 0xDDDD
W 0xEEEE z
R 0xFFFF
W 0x1111 A
R 0x1357
W 0x2468 B
W 0x6789 C
R 0x7777
R 0x8888
W 0x9999 D
R 0xAAAA
W 0xBBBB E
W 0xCCCC F
R 0xDDDD
W 0xEEEE G
R 0xFFFF
W 0x1111 H
R 0x1357
W 0x2468 I
W 0x6789 J
R 0x7777
R 0x8888
W 0x9999 K
R 0xAAAA
W 0xBBBB L
W 0xCCCC M
R 0xDDDD
W 0xEEEE N
R 0xFFFF
W 0x1111 O
R 0x1357
W 0x2468 P
W 0x6789 Q
R 0x7777
R 0x8888
R 0x9995
R 0xAAAA
W 0xBBBB S
W 0xCCCC T
R 0xDDDD
W 0xEEEE U
R 0xFFFF
W 0x1111 V
R 0x1357
W 0x2468 W
W 0x6789 X
R 0x7777
R 0x8888
W 0x9999 Y
R 0xAAAA
W 0xBBBB Z
W 0xCCCC a
R 0xDDDD
W 0xEEEE b
R 0xFFFF
W 0x1111 c
R 0x1357
W 0x2468 d
W 0x6789 e
R 0x7777
R 0x8888
W 0x9999 f
R 0xAAAA
W 0xBBBB g
W 0xCCCC h
R 0xDDDD
W 0xEEEE i
R 0xFFFF
W 0x1111 j
R 0x1357
W 0x2468 k
W 0x6789 l
R 0x7777
R 0x8888
W 0x9999 m
R 0xAAAA
W 0xBBBB n
W 0xCCCC o
R 0xDDDD
W 0xEEEE p
R 0xFFFF
W 0x1111 q
R 0x1357
W 0x2468 r
W 0x6789 s
R 0x7777
R 0x8888
W 0x9999 t
R 0xAAAA
W 0xBBBB u
W 0xCCCC v
R 0xDDDD
W 0xEEEE w
R 0xFFFF
W 0x1111 x
R 0x1357
W 0x2468 y
W 0x6789 z
R 0x7777
R 0x8888
R 0x9999 
R 0xAAAA
W 0xBBBB B
W 0xCCCC C
R 0xDDDD
W 0xEEEE D
R 0xFFFF
W 0x1111 E
R 0x1357
W 0x2468 F
W 0x6789 G
R 0x7777
R 0x8888
R 0x9998
R 0xAAAA
W 0xBBBB I
W 0xCCCC J
R 0xDDDD
W 0xEEEE K
R 0xFFFF
W 0x1111 L
R 0x1357
W 0x2468 M
W 0x6789 N
R 0x7777
R 0x8888
R 0x9999 
R 0xAAAA
W 0xBBBB P
W 0xCCCC Q
R 0xDDDD
W 0xEEEE R
R 0xFFFF
W 0x1111 S
R 0x1357
W 0x2468 T
W 0x6789 U
R 0x7777
R 0x8888
W 0x9999 V
R 0xAAAA
W 0xBBBB W
W 0xCCCC X
R 0xDDDD
W 0xEEEE Y
R 0xFFFF
W 0x1111 Z
R 0x1357
W 0x2468 a
W 0x6789 b
R 0x7777
R 0x8888
W 0x9999 c
R 0xAAAA
W 0xBBBB d
W 0xCCCC e
R 0xDDDD
W 0xEEEE f
R 0xFFFF
W 0x1111 g
R 0x1357
W 0x2468 h
W 0x6789 i
R 0x7777
R 0x8888
W 0x9999 j
R 0xAAAA
W 0xBBBB k
W 0xCCCC l
R 0xDDDD
W 0xEEEE m
R 0xFFFF
W 0x1111 n
R 0x1357
W 0x2468 o
W 0x6789 p
R 0x7777
R 0x8888
W 0x9999 q
R 0xAAAA
W 0xBBBB r
W 0xCCCC s
R 0xDDDD
W 0xEEEE t
R 0xFFFF
W 0x1111 u
R 0x1357
W 0x2468 v
W 0x6789 w
R 0x7777
R 0x8888
W 0x9999 x
R 0xAAAA
W 0xBBBB y
W 0xCCCC z
R 0xDDDD
W 0xEEEE A
R 0xFFFF
W 0x1111 B
R 0x1357
W 0x2468 C
W 0x6789 D
R 0x7777
R 0x8888
W 0x9999 E
R 0xAAAA
W 0xBBBB F
W 0xCCCC G
R 0xDDDD
W 0xEEEE H
R 0xFFFF
W 0x1111 I
R 0x1357
W 0x2468 J
W 0x6789 K
R 0x7777
R 0x8888
W 0x9999 L
R 0xAAAA
W 0xBBBB M
W 0xCCCC N
R 0xDDDD
W 0xEEEE O
R 0xFFFF
W 0x1111 P
R 0x1357
W 0x2468 Q
W 0x6789 R
R 0x7777
R 0x8888
W 0x9999 S
R 0xAAAA
W 0xBBBB T
W 0xCCCC U
R 0xDDDD
W 0xEEEE V
R 0xFFFF
W 0x1111 W
R 0x1357
W 0x2468 X
W 0x6789 Y
R 0x7777
R 0x8888
W 0x9999 Z
R 0xAAAA
W 0xBBBB a
W 0xCCCC b
R 0xDDDD
W 0xEEEE c
R 0xFFFF
W 0x1111 d
R 0x1357
W 0x2468 e
W 0x6789 f
R 0x7777
R 0x8888
W 0x9999 g
R 0xAAAA
W 0xBBBB h
W 0xCCCC i
R 0xDDDD
W 0xEEEE j
R 0xFFFF
W 0x1111 k
R 0x1357
W 0x2468 l
W 0x6789 m
R 0x7777
R 0x8888
W 0x9999 n
R 0xAAAA
W 0xBBBB o
W 0xCCCC p
R 0xDDDD
W 0xEEEE q
R 0xFFFF
W 0x1111 r
R 0x1357
W 0x2468 s
W 0x6789 t
R 0x7777
R 0x8888
W 0x9995 u
R 0xAAAA
W 0xBBBB v
W 0xCCCC w
R 0xDDDD
W 0xEEEE x
R 0xFFFF
W 0x1111 y
R 0x1357
W 0x2468 z
W 0x6789 A
R 0x7777
R 0x8888
W 0x9997 B
R 0xAAAA
W 0xBBBB C
W 0xCCCC D
R 0xDDDD
W 0xEEEE E
R 0xFFFF
W 0x1111 F
R 0x1357
W 0x2468 G
W 0x6789 H
R 0x7777
R 0x8888
W 0x9997 I
R 0xAAAA
W 0xBBBB J
W 0xCCCC K
R 0xDDDD
W 0xEEEE L
R 0xFFFF
W 0x1111 M
R 0x1357
W 0x2468 N
W 0x6789 O
R 0x7777
R 0x8888
W 0x9998 P
R 0xAAAA
W 0xBBBB Q
W 0xCCCC R
R 0xDDDD
W 0xEEEE S
R 0xFFFF
W 0x1111 T
R 0x1357
W 0x2468 U
W 0x6789 V
R 0x7777
R 0x8888
W 0x9999 W
R 0xAAAA
W 0xBBBB X
W 0xCCCC Y
R 0xDDDD
W 0xEEEE Z
R 0xFFFF
W 0x1111 a
R 0x1357
W 0x2468 b
W 0x6789 c
R 0x7777
R 0x8888
W 0x9999 d
R 0xAAAA
W 0xBBBB e
W 0xCCCC f
R 0xDDDD
W 0xEEEE g
R 0xFFFF
W 0x1111 h
R 0x1357
W 0x2468 i
W 0x6789 j
R 0x7777
R 0x8888
W 0x9996 k
R 0xAAAA
W 0x00D4 Q
R 0x00E4
R 0x00F4
R 0x0104
W 0x001A h
R 0x002A
R 0x003A
R 0x004A
R 0x02F8
R 0x0308
R 0x0318
R 0x0328
W 0x0361 T
R 0x0371
R 0x0381
R 0x0391
W 0x0076 M
R 0x0086
R 0x0096
R 0x00A6
R 0x00F6
R 0x0106
R 0x0116
R 0x0126
R 0x0316
R 0x0326
R 0x0336
R 0x0346
W 0x0213 F
R 0x0223
R 0x0233
R 0x0243
W 0x038F P
R 0x039F
R 0x03AF
R 0x03BF
W 0x0379 Y
R 0x0389
R 0x0399
R 0x03A9
W 0x0018 e
R 0x0028
R 0x0038
R 0x0048
W 0x039B L
R 0x03AB
R 0x03BB
R 0x03CB
R 0x0039
R 0x0049
R 0x0059
R 0x0069
W 0x03BA g
R 0x03CA
R 0x03DA
R 0x03EA
W 0x0087 Z
R 0x0097
R 0x00A7
R 0x00B7
R 0x0042
R 0x0052
R 0x0062
R 0x0072
W 0x032D Y
R 0x033D
R 0x034D
R 0x035D
R 0x0268
R 0x0278
R 0x0288
R 0x0298
R 0x0110
R 0x0120
R 0x0130
R 0x0140
W 0x0155 t
R 0x0165
R 0x0175
R 0x0185
R 0x0273
R 0x0283
R 0x0293
R 0x02A3
R 0x00FA
R 0x010A
R 0x011A
R 0x012A
R 0x02D3
R 0x02E3
R 0x02F3
R 0x0303
R 0x00DC
R 0x00EC
R 0x00FC
R 0x010C
W 0x0041 g
R 0x0051
R 0x0061
R 0x0071
W 0x0354 N
R 0x0364
R 0x0374
R 0x0384
W 0x01DA A
R 0x01EA
R 0x01FA
R 0x020A
R 0x010E
R 0x011E
R 0x012E
R 0x013E
R 0x0209
R 0x0219
R 0x0229
R 0x0239
W 0x008A O
R 0x009A
R 0x00AA
R 0x00BA
W 0x0290 z
R 0x02A0
R 0x02B0
R 0x02C0
R 0x00C3
R 0x00D3
R 0x00E3
R 0x00F3
R 0x0076
R 0x0086
R 0x0096
R 0x00A6
R 0x033A
R 0x034A
R 0x035A
R 0x036A
R 0x01A0
R 0x01B0
R 0x01C0
R 0x01D0
W 0x0136 R
R 0x0146
R 0x0156
R 0x0166
W 0x038D u
R 0x039D
R 0x03AD
R 0x03BD
R 0x0229
R 0x0239
R 0x0249
R 0x0259
R 0x02CF
R 0x02DF
R 0x02EF
R 0x02FF
R 0x0175
R 0x0185
R 0x0195
R 0x01A5
W 0x0034 B
R 0x0044
R 0x0054
R 0x0064
W 0x013D W
R 0x014D
R 0x015D
R 0x016D
W 0x0361 Y
R 0x0371
R 0x0381
R 0x0391
W 0x032A r
R 0x033A
R 0x034A
R 0x035A
W 0x0297 R
R 0x02A7
R 0x02B7
R 0x02C7
W 0x02C0 Q
R 0x02D0
R 0x02E0
R 0x02F0
R 0x016B
R 0x017B
R 0x018B
R 0x019B
R 0x0366
R 0x0376
R 0x0386
R 0x0396
W 0x0231 K
R 0x0241
R 0x0251
R 0x0261
W 0x031C b
R 0x032C
R 0x033C
R 0x034C
R 0x0277
R 0x0287
R 0x0297
R 0x02A7
R 0x02CC
R 0x02DC
R 0x02EC
R 0x02FC
W 0x0192 y
R 0x01A2
R 0x01B2
R 0x01C2
W 0x0123 l
R 0x0133
R 0x0143
R 0x0153
W 0x0300 U
R 0x0310
R 0x0320
R 0x0330
R 0x003B
R 0x004B
R 0x005B
R 0x006B
R 0x03AB
R 0x03BB
R 0x03CB
R 0x03DB
R 0x00B5
R 0x00C5
R 0x00D5
R 0x00E5
W 0x0124 f
R 0x0134
R 0x0144
R 0x0154
W 0x01D7 e
R 0x01E7
R 0x01F7
R 0x0207
R 0x0044
R 0x0054
R 0x0064
R 0x0074
W 0x00CA E
R 0x00DA
R 0x00EA
R 0x00FA
W 0x019B k
R 0x01AB
R 0x01BB
R 0x01CB
W 0x01E9 O
R 0x01F9
R 0x0209
R 0x0219
W 0x00AC a
R 0x00BC
R 0x00CC
R 0x00DC
W 0x001E y
R 0x002E
R 0x003E
R 0x004E
R 0x0055
R 0x0065
R 0x0075
R 0x0085
R 0x02A2
R 0x02B2
R 0x02C2
R 0x02D2
W 0x027E U
R 0x028E
R 0x029E
R 0x02AE
R 0x0133
R 0x0143
R 0x0153
R 0x0163
R 0x028C
R 0x029C
R 0x02AC
R 0x02BC
W 0x0218 e
R 0x0228
R 0x0238
R 0x0248
R 0x0069
R 0x0079
R 0x0089
R 0x0099
W 0x030B u
R 0x031B
R 0x032B
R 0x033B
W 0x018E X
R 0x019E
R 0x01AE
R 0x01BE
R 0x01E2
R 0x01F2
R 0x0202
R 0x0212
R 0x01C0
R 0x01D0
R 0x01E0
R 0x01F0
W 0x024A f
R 0x025A
R 0x026A
R 0x027A
R 0x0336
R 0x0346
R 0x0356
R 0x0366
W 0x023C q
R 0x024C
R 0x025C
R 0x026C
W 0x026A U
R 0x027A
R 0x028A
R 0x029A
W 0x0382 j
R 0x0392
R 0x03A2
R 0x03B2
W 0x0052 b
R 0x0062
R 0x0072
R 0x0082
W 0x00D4 S
R 0x00E4
R 0x00F4
R 0x0104
R 0x0203
R 0x0213
R 0x0223
R 0x0233
R 0x0099
R 0x00A9
R 0x00B9
R 0x00C9
W 0x010C n
R 0x011C
R 0x012C
R 0x013C
W 0x02EF i
R 0x02FF
R 0x030F
R 0x031F
R 0x0200
R 0x0210
R 0x0220
R 0x0230
R 0x03AA
R 0x03BA
R 0x03CA
R 0x03DA
R 0x0176
R 0x0186
R 0x0196
R 0x01A6
W 0x0352 X
R 0x0362
R 0x0372
R 0x0382
R 0x01AD
R 0x01BD
R 0x01CD
R 0x01DD
R 0x0110
R 0x0120
R 0x0130
R 0x0140
R 0x0007
R 0x0017
R 0x0027
R 0x0037
R 0x032E
R 0x033E
R 0x034E
R 0x035E
W 0x005A w
R 0x006A
R 0x007A
R 0x008A
W 0x0160 B
R 0x0170
R 0x0180
R 0x0190
W 0x0127 a
R 0x0137
R 0x0147
R 0x0157
R 0x0279
R 0x0289
R 0x0299
R 0x02A9
R 0x0317
R 0x0327
R 0x0337
R 0x0347
R 0x03FC
R 0x000C
R 0x001C
R 0x002C
R 0x00E0
R 0x00F0
R 0x0100
R 0x0110
R 0x01F0
R 0x0200
R 0x0210
R 0x0220
W 0x0131 R
R 0x0141
R 0x0151
R 0x0161
R 0x0166
R 0x0176
R 0x0186
R 0x0196
R 0x0177
R 0x0187
R 0x0197
R 0x01A7
R 0x0207
R 0x0217
R 0x0227
R 0x0237
W 0x011F A
R 0x012F
R 0x013F
R 0x014F
R 0x03BE
R 0x03CE
R 0x03DE
R 0x03EE
R 0x00AA
R 0x00BA
R 0x00CA
R 0x00DA
R 0x0187
R 0x0197
R 0x01A7
R 0x01B7
W 0x03CD l
R 0x03DD
R 0x03ED
R 0x03FD
W 0x0030 b
R 0x0040
R 0x0050
R 0x0060
W 0x02BF n
R 0x02CF
R 0x02DF
R 0x02EF
R 0x02F8
R 0x0308
R 0x0318
R 0x0328
R 0x02A4
R 0x02B4
R 0x02C4
R 0x02D4
W 0x024F J
R 0x025F
R 0x026F
R 0x027F
W 0x0136 l
R 0x0146
R 0x0156
R 0x0166
W 0x0281 d
R 0x0291
R 0x02A1
R 0x02B1
W 0x0229 p
R 0x0239
R 0x0249
R 0x0259
R 0x0318
R 0x0328
R 0x0338
R 0x0348
W 0x02E5 Q
R 0x02F5
R 0x0305
R 0x0315
W 0x010B F
R 0x011B
R 0x012B
R 0x013B
W 0x03AE z
R 0x03BE
R 0x03CE
R 0x03DE
R 0x0281
R 0x0291
R 0x02A1
R 0x02B1
R 0x0328
R 0x0338
R 0x0348
R 0x0358
W 0x0176 D
R 0x0186
R 0x0196
R 0x01A6
R 0x01E3
R 0x01F3
R 0x0203
R 0x0213
W 0x03FB J
R 0x000B
R 0x001B
R 0x002B
R 0x03BB
R 0x03CB
R 0x03DB
R 0x03EB
W 0x0191 G
R 0x01A1
R 0x01B1
R 0x01C1
W 0x023A o
R 0x024A
R 0x025A
R 0x026A
W 0x01FB j
R 0x020B
R 0x021B
R 0x022B
W 0x0286 f
R 0x0296
R 0x02A6
R 0x02B6
R 0x025E
R 0x026E
R 0x027E
R 0x028E
W 0x0242 o
R 0x0252
R 0x0262
R 0x0272
W 0x00E0 M
R 0x00F0
R 0x0100
R 0x0110
R 0x03F7
R 0x0007
R 0x0017
R 0x0027
R 0x00CA
R 0x00DA
R 0x00EA
R 0x00FA
R 0x03D3
R 0x03E3
R 0x03F3
R 0x0003
R 0x0305
R 0x0315
R 0x0325
R 0x0335
R 0x013D
R 0x014D
R 0x015D
R 0x016D
R 0x02C6
R 0x02D6
R 0x02E6
R 0x02F6
R 0x03A5
R 0x03B5
R 0x03C5
R 0x03D5
W 0x0395 R
R 0x03A5
R 0x03B5
R 0x03C5
R 0x01A6
R 0x01B6
R 0x01C6
R 0x01D6
W 0x0093 u
R 0x00A3
R 0x00B3
R 0x00C3
W 0x019E j
R 0x01AE
R 0x01BE
R 0x01CE
W 0x03AF T
R 0x03BF
R 0x03CF
R 0x03DF
R 0x01D4
R 0x01E4
R 0x01F4
R 0x0204
R 0x0313
R 0x0323
R 0x0333
R 0x0343
W 0x0382 I
R 0x0392
R 0x03A2
R 0x03B2
W 0x0078 M
R 0x0088
R 0x0098
R 0x00A8
R 0x01BC
R 0x01CC
R 0x01DC
R 0x01EC
W 0x02E7 q
R 0x02F7
R 0x0307
R 0x0317
R 0x00E7
R 0x00F7
R 0x0107
R 0x0117
R 0x02E8
R 0x02F8
R 0x0308
R 0x0318
R 0x0072
R 0x0082
R 0x0092
R 0x00A2
R 0x034C
R 0x035C
R 0x036C
R 0x037C
R 0x0231
R 0x0241
R 0x0251
R 0x0261
R 0x00E7
R 0x00F7
R 0x0107
R 0x0117
W 0x009B J
R 0x00AB
R 0x00BB
R 0x00CB
W 0x00A9 W
R 0x00B9
R 0x00C9
R 0x00D9
R 0x015A
R 0x016A
R 0x017A
R 0x018A
W 0x0325 W
R 0x0335
R 0x0345
R 0x0355
W 0x02BF q
R 0x02CF
R 0x02DF
R 0x02EF
R 0x01E9
R 0x01F9
R 0x0209
R 0x0219
W 0x003B I
R 0x004B
R 0x005B
R 0x006B
W 0x0103 n
R 0x0113
R 0x0123
R 0x0133
W 0x02B9 U
R 0x02C9
R 0x02D9
R 0x02E9
R 0x0002
R 0x0012
R 0x0022
R 0x0032
R 0x00FB
R 0x010B
R 0x011B
R 0x012B
W 0x0391 G
R 0x03A1
R 0x03B1
R 0x03C1
R 0x03F3
R 0x0003
R 0x0013
R 0x0023
W 0x02A9 n
R 0x02B9
R 0x02C9
R 0x02D9
R 0x0064
R 0x0074
R 0x0084
R 0x0094
R 0x035C
R 0x036C
R 0x037C
R 0x038C
R 0x0054
R 0x0064
R 0x0074
R 0x0084
R 0x03C5
R 0x03D5
R 0x03E5
R 0x03F5
R 0x01F4
R 0x0204
R 0x0214
R 0x0224
R 0x0156
R 0x0166
R 0x0176
R 0x0186
R 0x008C
R 0x009C
R 0x00AC
R 0x00BC
W 0x03F5 A
R 0x0005
R 0x0015
R 0x0025
R 0x02A2
R 0x02B2
R 0x02C2
R 0x02D2
W 0x0372 D
R 0x0382
R 0x0392
R 0x03A2
R 0x0298
R 0x02A8
R 0x02B8
R 0x02C8
W 0x00A1 V
R 0x00B1
R 0x00C1
R 0x00D1
W 0x02C4 r
R 0x02D4
R 0x02E4
R 0x02F4
W 0x0122 i
R 0x0132
R 0x0142
R 0x0152
R 0x019B
R 0x01AB
R 0x01BB
R 0x01CB
W 0x03BB d
R 0x03CB
R 0x03DB
R 0x03EB
W 0x0118 W
R 0x0128
R 0x0138
R 0x0148
W 0x026A I
R 0x027A
R 0x028A
R 0x029A
R 0x0194
R 0x01A4
R 0x01B4
R 0x01C4
R 0x0219
R 0x0229
R 0x0239
R 0x0249
R 0x039B
R 0x03AB
R 0x03BB
R 0x03CB
W 0x006D K
R 0x007D
R 0x008D
R 0x009D
R 0x01E9
R 0x01F9
R 0x0209
R 0x0219
W 0x02A5 m
R 0x02B5
R 0x02C5
R 0x02D5